<?xml version="1.0" encoding="UTF-8"?>
<!-- Generated by org.testng.reporters.JUnitReportReporter -->
<testsuite skipped="0" hostname="inviul" name="com.project.freecharge.test.BewkoofTest" tests="1" failures="0" timestamp="2020-04-02T18:57:24 IST" time="0.003" errors="0">
  <testcase name="test" time="0.003" classname="com.project.freecharge.test.BewkoofTest"/>
  <system-out/>
</testsuite> <!-- com.project.freecharge.test.BewkoofTest -->
